<?xml version="1.0" encoding="UTF-8"?>
<testng-results skipped="0" failed="0" total="1" passed="1">
  <reporter-output>
  </reporter-output>
  <suite name="Default suite" duration-ms="714" started-at="2015-04-14T11:30:10Z" finished-at="2015-04-14T11:30:11Z">
    <groups>
    </groups>
    <test name="Default test" duration-ms="714" started-at="2015-04-14T11:30:10Z" finished-at="2015-04-14T11:30:11Z">
      <class name="njuse.ffff.data.TotalTest">
        <test-method status="PASS" signature="f()[pri:0, instance:njuse.ffff.data.TotalTest@1ab3a8c8]" name="f" duration-ms="635" started-at="2015-04-14T19:30:11Z" finished-at="2015-04-14T19:30:11Z">
          <reporter-output>
          </reporter-output>
        </test-method> <!-- f -->
      </class> <!-- njuse.ffff.data.TotalTest -->
    </test> <!-- Default test -->
  </suite> <!-- Default suite -->
</testng-results>
